
Showing logs for build [32mcb-kubecd-environment-pr-234-22-gftgc-1[0m stage [32mfrom-build-pack[0m and container [32mstep-credential-initializer-z4qgd[0m
{"level":"info","ts":1590504714.022396,"logger":"fallback-logger","caller":"logging/config.go:69","msg":"Fetch GitHub commit ID from kodata failed: open /var/run/ko/refs/heads/0.8.0-ns-support: no such file or directory"}
{"level":"info","ts":1590504714.0234118,"logger":"fallback-logger","caller":"creds-init/main.go:40","msg":"Credentials initialized."}

Showing logs for build [32mcb-kubecd-environment-pr-234-22-gftgc-1[0m stage [32mfrom-build-pack[0m and container [32mstep-working-dir-initializer-46x2q[0m
{"level":"info","ts":1590504715.076121,"logger":"fallback-logger","caller":"logging/config.go:69","msg":"Fetch GitHub commit ID from kodata failed: open /var/run/ko/HEAD: no such file or directory"}
{"level":"info","ts":1590504715.077447,"logger":"fallback-logger","caller":"bash/main.go:64","msg":"Successfully executed command \"sh -c mkdir -p /workspace/source\"; output "}

Showing logs for build [32mcb-kubecd-environment-pr-234-22-gftgc-1[0m stage [32mfrom-build-pack[0m and container [32mstep-place-tools[0m

Showing logs for build [32mcb-kubecd-environment-pr-234-22-gftgc-1[0m stage [32mfrom-build-pack[0m and container [32mstep-git-source-cb-kubecd-environment-pr-234-22-gftgc-kpfld[0m
{"level":"info","ts":1590504720.121109,"logger":"fallback-logger","caller":"logging/config.go:69","msg":"Fetch GitHub commit ID from kodata failed: open /var/run/ko/refs/heads/0.8.0-ns-support: no such file or directory"}
{"level":"info","ts":1590504721.2068772,"logger":"fallback-logger","caller":"git/git.go:103","msg":"Successfully cloned https://github.com/cb-kubecd/environment-pr-234-22-boot-vault-gke-production.git @ master in path /workspace/source"}

Showing logs for build [32mcb-kubecd-environment-pr-234-22-gftgc-1[0m stage [32mfrom-build-pack[0m and container [32mstep-git-merge[0m
Using SHAs from PULL_REFS=master:68e7ff6998149c55f116f65fd04e7294e183e52b,1:168e587847cc32f75d9fdffd5c3f4b99fcf42f9f
DEBUG: LC_ALL=C JX_LOG_LEVEL=error git fetch origin --unshallow 168e587847cc32f75d9fdffd5c3f4b99fcf42f9f: 68e7ff6998149c55f116f65fd04e7294e183e52b:
DEBUG: ran git fetch --unshallow origin 168e587847cc32f75d9fdffd5c3f4b99fcf42f9f: 68e7ff6998149c55f116f65fd04e7294e183e52b: in 
DEBUG: LC_ALL=C JX_LOG_LEVEL=error git branch
DEBUG: LC_ALL=C JX_LOG_LEVEL=error git checkout master
DEBUG: ran git checkout master in 
DEBUG: LC_ALL=C JX_LOG_LEVEL=error git reset --hard 68e7ff6998149c55f116f65fd04e7294e183e52b
DEBUG: ran git reset --hard 68e7ff6998149c55f116f65fd04e7294e183e52b in 
DEBUG: LC_ALL=C JX_LOG_LEVEL=error git clean -fd .
DEBUG: ran clean --force -d . in 
DEBUG: LC_ALL=C JX_LOG_LEVEL=error git merge 168e587847cc32f75d9fdffd5c3f4b99fcf42f9f
DEBUG: ran git merge 168e587847cc32f75d9fdffd5c3f4b99fcf42f9f in 
DEBUG: LC_ALL=C JX_LOG_LEVEL=error git log --format=%H%x1f%an%x1f%ae%x1f%cn%x1f%ce%x1f%s%n%b%x1e 68e7ff6998149c55f116f65fd04e7294e183e52b..HEAD
Merged SHA 168e587847cc32f75d9fdffd5c3f4b99fcf42f9f with commit message 'chore: Promote bdd-spring-1590503405 to version 0.0.1' into base branch master

Showing logs for build [32mcb-kubecd-environment-pr-234-22-gftgc-1[0m stage [32mfrom-build-pack[0m and container [32mstep-build-helm-build[0m
WARNING: No $CHART_REPOSITORY defined so using the default value of: http://jenkins-x-chartmuseum:8080
Adding missing Helm repo: storage.googleapis.com https://storage.googleapis.com/chartmuseum.jenkins-x.io
WARNING: No secrets found on "helm/repos" due: reading the secret "helm/repos" from vault: no secret "helm/repos" not found in vault
Read credentials for https://storage.googleapis.com/chartmuseum.jenkins-x.io from vault helm/repos
Successfully added Helm repository storage.googleapis.com.
Adding missing Helm repo: jenkins-x-chartmuseum http://jenkins-x-chartmuseum:8080
WARNING: No secrets found on "helm/repos" due: reading the secret "helm/repos" from vault: no secret "helm/repos" not found in vault
Read credentials for http://jenkins-x-chartmuseum:8080 from vault helm/repos
Successfully added Helm repository jenkins-x-chartmuseum.
WARNING: No $CHART_REPOSITORY defined so using the default value of: http://jenkins-x-chartmuseum:8080
Adding missing Helm repo: chartmuseum.jenkins-x.io http://chartmuseum.jenkins-x.io
WARNING: No secrets found on "helm/repos" due: reading the secret "helm/repos" from vault: no secret "helm/repos" not found in vault
Read credentials for http://chartmuseum.jenkins-x.io from vault helm/repos
Successfully added Helm repository chartmuseum.jenkins-x.io.
